[13Jun2024 22:35:17.605] [main/INFO] [cpw.mods.modlauncher.Launcher/MODLAUNCHER]: ModLauncher running: args [--launchTarget, forgeclientuserdev, --version, 21.0.0-beta, --assetIndex, asset-index, --assetsDir, C:\Users\Tfar\.gradle\caches\minecraft\assets\1.21, --gameDir, ., --fml.neoForgeVersion, 21.0.0-beta, --fml.fmlVersion, 4.0.1, --fml.mcVersion, 1.21, --fml.neoFormVersion, 20240613.152323]
[13Jun2024 22:35:17.609] [main/INFO] [cpw.mods.modlauncher.Launcher/MODLAUNCHER]: JVM identified as Eclipse Adoptium OpenJDK 64-Bit Server VM 21.0.3+9-LTS
[13Jun2024 22:35:17.610] [main/INFO] [cpw.mods.modlauncher.Launcher/MODLAUNCHER]: ModLauncher 11.0.2+main.4612c65f starting: java version 21.0.3 by Eclipse Adoptium; OS Windows 10 arch amd64 version 10.0
[13Jun2024 22:35:17.778] [main/INFO] [net.neoforged.fml.loading.ImmediateWindowHandler/]: Loading ImmediateWindowProvider fmlearlywindow
[13Jun2024 22:35:17.925] [main/INFO] [EARLYDISPLAY/]: Trying GL version 4.6
[13Jun2024 22:35:18.061] [main/INFO] [EARLYDISPLAY/]: Requested GL version 4.6 got version 4.6
[13Jun2024 22:35:18.163] [main/INFO] [mixin/]: SpongePowered MIXIN Subsystem Version=0.8.5 Source=union:/C:/Users/Tfar/.gradle/caches/modules-2/files-2.1/net.fabricmc/sponge-mixin/0.13.4+mixin.0.8.5/8adf0cff1795a169141b9e16ad7b9f6e2527a990/sponge-mixin-0.13.4+mixin.0.8.5.jar%23136!/ Service=ModLauncher Env=CLIENT
[13Jun2024 22:35:18.392] [pool-2-thread-1/INFO] [EARLYDISPLAY/]: GL info: Radeon (TM) RX 470 Graphics GL version 4.6.0 Core Profile Context 23.7.2.230718, ATI Technologies Inc.
[13Jun2024 22:35:18.530] [main/INFO] [net.neoforged.fml.loading.moddiscovery.ModDiscoverer/SCAN]: Found mod file "neoforge-21.0.0-beta.jar" [locator: neoforge devenv provider ([C:\Users\Tfar\Documents\MinecraftModdev\forgemods\OverloadedArmorBar\neoforge\.gradle\repositories\ng_dummy_ng\net\neoforged\neoforge\21.0.0-beta\neoforge-21.0.0-beta.jar])]
[13Jun2024 22:35:18.554] [main/INFO] [net.neoforged.fml.loading.moddiscovery.ModDiscoverer/SCAN]: Found mod file "neoforge-21.0.0-beta.jar" [locator: neoforge devenv provider ([C:\Users\Tfar\Documents\MinecraftModdev\forgemods\OverloadedArmorBar\neoforge\.gradle\repositories\ng_dummy_ng\net\neoforged\neoforge\21.0.0-beta\neoforge-21.0.0-beta.jar])]
[13Jun2024 22:35:18.566] [main/INFO] [net.neoforged.fml.loading.moddiscovery.ModDiscoverer/SCAN]: Found mod file "main" [locator: userdev mods and services, reader: mod manifest]
[13Jun2024 22:35:18.585] [main/INFO] [net.neoforged.fml.loading.moddiscovery.ModDiscoverer/SCAN]: Found mod file "neoforge-21.0.0-beta.jar" [locator: userdev mods and services, reader: mod manifest]
[13Jun2024 22:35:18.655] [main/INFO] [net.neoforged.fml.loading.moddiscovery.ModDiscoverer/SCAN]: Found gamelibrary file "mixinextras-neoforge-0.3.5.jar" [locator: userdev mods and services, reader: mod manifest]
[13Jun2024 22:35:18.931] [main/WARN] [net.neoforged.jarjar.selection.JarSelector/]: Attempted to select a dependency jar for JarJar which was passed in as source: mixinextras-neoforge-0.3.5.jar. Using Mod File: C:\Users\Tfar\.gradle\caches\modules-2\files-2.1\io.github.llamalad7\mixinextras-neoforge\0.3.5\ef3ffcf309dae656517b2f120189b1c9b21737dd\mixinextras-neoforge-0.3.5.jar
[13Jun2024 22:35:18.932] [main/INFO] [net.neoforged.fml.loading.moddiscovery.locators.JarInJarDependencyLocator/]: No dependencies to load found. Skipping!
[13Jun2024 22:35:19.162] [main/INFO] [net.neoforged.fml.loading.FMLServiceProvider/CORE]: Loading coremod script-engine for [neoforge]
[13Jun2024 22:35:20.294] [main/INFO] [cpw.mods.modlauncher.LaunchServiceHandler/MODLAUNCHER]: Launching target 'forgeclientuserdev' with arguments [--version, 21.0.0-beta, --gameDir, ., --assetsDir, C:\Users\Tfar\.gradle\caches\minecraft\assets\1.21, --assetIndex, asset-index]
[13Jun2024 22:35:22.458] [Datafixer Bootstrap/INFO] [com.mojang.datafixers.DataFixerBuilder/]: 229 Datafixer optimizations took 456 milliseconds
[13Jun2024 22:35:22.730] [main/WARN] [oshi.driver.windows.perfmon.PerfmonDisabled/]: Invalid registry value type detected for PerfOS counters. Should be REG_DWORD. Ignoring: HKEY_LOCAL_MACHINE\SYSTEM\CurrentControlSet\Services\PerfOS\Performance\Disable Performance Counters.
[13Jun2024 22:35:28.735] [main/WARN] [net.minecraft.commands.Commands/]: Ambiguity between arguments [teleport, location] and [teleport, destination] with inputs: [0.1 -0.5 .9, 0 0 0]
[13Jun2024 22:35:28.736] [main/WARN] [net.minecraft.commands.Commands/]: Ambiguity between arguments [teleport, location] and [teleport, targets] with inputs: [0.1 -0.5 .9, 0 0 0]
[13Jun2024 22:35:28.739] [main/WARN] [net.minecraft.commands.Commands/]: Ambiguity between arguments [teleport, destination] and [teleport, targets] with inputs: [Player, 0123, @e, dd12be42-52a9-4a91-a8a1-11c01849e498]
[13Jun2024 22:35:28.741] [main/WARN] [net.minecraft.commands.Commands/]: Ambiguity between arguments [teleport, targets] and [teleport, destination] with inputs: [Player, 0123, dd12be42-52a9-4a91-a8a1-11c01849e498]
[13Jun2024 22:35:28.742] [main/WARN] [net.minecraft.commands.Commands/]: Ambiguity between arguments [teleport, targets, location] and [teleport, targets, destination] with inputs: [0.1 -0.5 .9, 0 0 0]
[13Jun2024 22:35:28.867] [Render thread/WARN] [net.minecraft.server.packs.VanillaPackResourcesBuilder/]: Assets URL 'union:/C:/Users/Tfar/Documents/MinecraftModdev/forgemods/OverloadedArmorBar/neoforge/.gradle/repositories/ng_dummy_ng/net/neoforged/neoforge/21.0.0-beta/neoforge-21.0.0-beta.jar%23192!/assets/.mcassetsroot' uses unexpected schema
[13Jun2024 22:35:28.867] [Render thread/WARN] [net.minecraft.server.packs.VanillaPackResourcesBuilder/]: Assets URL 'union:/C:/Users/Tfar/Documents/MinecraftModdev/forgemods/OverloadedArmorBar/neoforge/.gradle/repositories/ng_dummy_ng/net/neoforged/neoforge/21.0.0-beta/neoforge-21.0.0-beta.jar%23192!/data/.mcassetsroot' uses unexpected schema
[13Jun2024 22:35:28.899] [Render thread/INFO] [com.mojang.authlib.yggdrasil.YggdrasilAuthenticationService/]: Environment: Environment[sessionHost=https://sessionserver.mojang.com, servicesHost=https://api.minecraftservices.com, name=PROD]
[13Jun2024 22:35:28.909] [Render thread/INFO] [net.minecraft.client.Minecraft/]: Setting user: Dev
[13Jun2024 22:35:29.019] [Render thread/INFO] [net.minecraft.client.Minecraft/]: Backend library: LWJGL version 3.3.3+5
[13Jun2024 22:35:29.342] [modloading-worker-0/INFO] [net.neoforged.neoforge.common.NeoForgeMod/NEOFORGE-MOD]: NeoForge mod loading, version 21.0.0-beta, for MC 1.21
[13Jun2024 22:35:30.255] [Render thread/INFO] [net.neoforged.neoforge.gametest.GameTestHooks/]: Enabled Gametest Namespaces: [overloadedarmorbar]
[13Jun2024 22:35:30.380] [Render thread/INFO] [net.minecraft.server.packs.resources.ReloadableResourceManager/]: Reloading ResourceManager: vanilla, mod_resources, mod/overloadedarmorbar, mod/neoforge
[13Jun2024 22:35:30.494] [Worker-Main-13/INFO] [net.minecraft.client.gui.font.providers.UnihexProvider/]: Found unifont_all_no_pua-15.1.05.hex, loading
[13Jun2024 22:35:30.603] [Worker-Main-3/INFO] [net.minecraft.client.gui.font.providers.UnihexProvider/]: Found unifont_jp_patch-15.1.05.hex, loading
[13Jun2024 22:35:32.535] [Render thread/WARN] [net.minecraft.client.sounds.SoundEngine/]: Missing sound for event: minecraft:item.goat_horn.play
[13Jun2024 22:35:32.535] [Render thread/WARN] [net.minecraft.client.sounds.SoundEngine/]: Missing sound for event: minecraft:entity.goat.screaming.horn_break
[13Jun2024 22:35:32.589] [Render thread/INFO] [com.mojang.blaze3d.audio.Library/]: OpenAL initialized on device OpenAL Soft on 5 - ASUS VP249 (AMD High Definition Audio Device)
[13Jun2024 22:35:32.590] [Render thread/INFO] [net.minecraft.client.sounds.SoundEngine/SOUNDS]: Sound engine started
[13Jun2024 22:35:32.746] [Render thread/INFO] [net.minecraft.client.renderer.texture.TextureAtlas/]: Created: 1024x512x4 minecraft:textures/atlas/blocks.png-atlas
[13Jun2024 22:35:32.762] [Render thread/INFO] [net.minecraft.client.renderer.texture.TextureAtlas/]: Created: 256x256x4 minecraft:textures/atlas/signs.png-atlas
[13Jun2024 22:35:32.763] [Render thread/INFO] [net.minecraft.client.renderer.texture.TextureAtlas/]: Created: 512x512x4 minecraft:textures/atlas/shield_patterns.png-atlas
[13Jun2024 22:35:32.764] [Render thread/INFO] [net.minecraft.client.renderer.texture.TextureAtlas/]: Created: 512x512x4 minecraft:textures/atlas/banner_patterns.png-atlas
[13Jun2024 22:35:32.765] [Render thread/INFO] [net.minecraft.client.renderer.texture.TextureAtlas/]: Created: 1024x1024x4 minecraft:textures/atlas/armor_trims.png-atlas
[13Jun2024 22:35:32.783] [Render thread/INFO] [net.minecraft.client.renderer.texture.TextureAtlas/]: Created: 128x64x4 minecraft:textures/atlas/decorated_pot.png-atlas
[13Jun2024 22:35:32.784] [Render thread/INFO] [net.minecraft.client.renderer.texture.TextureAtlas/]: Created: 256x256x4 minecraft:textures/atlas/chest.png-atlas
[13Jun2024 22:35:32.784] [Render thread/INFO] [net.minecraft.client.renderer.texture.TextureAtlas/]: Created: 512x256x4 minecraft:textures/atlas/shulker_boxes.png-atlas
[13Jun2024 22:35:32.784] [Render thread/INFO] [net.minecraft.client.renderer.texture.TextureAtlas/]: Created: 512x256x4 minecraft:textures/atlas/beds.png-atlas
[13Jun2024 22:35:33.125] [Render thread/INFO] [net.minecraft.client.renderer.texture.TextureAtlas/]: Created: 512x256x0 minecraft:textures/atlas/particles.png-atlas
[13Jun2024 22:35:33.128] [Render thread/INFO] [net.minecraft.client.renderer.texture.TextureAtlas/]: Created: 512x256x0 minecraft:textures/atlas/paintings.png-atlas
[13Jun2024 22:35:33.129] [Render thread/INFO] [net.minecraft.client.renderer.texture.TextureAtlas/]: Created: 256x128x0 minecraft:textures/atlas/mob_effects.png-atlas
[13Jun2024 22:35:33.129] [Render thread/INFO] [net.minecraft.client.renderer.texture.TextureAtlas/]: Created: 64x64x0 minecraft:textures/atlas/map_decorations.png-atlas
[13Jun2024 22:35:33.129] [Render thread/INFO] [net.minecraft.client.renderer.texture.TextureAtlas/]: Created: 1024x512x0 minecraft:textures/atlas/gui.png-atlas
[13Jun2024 22:35:33.212] [Render thread/WARN] [net.minecraft.client.renderer.ShaderInstance/]: Shader rendertype_entity_translucent_emissive could not find sampler named Sampler2 in the specified shader program.
[13Jun2024 22:35:44.163] [Render thread/INFO] [net.minecraft.world.item.crafting.RecipeManager/]: Loaded 1290 recipes
[13Jun2024 22:35:44.389] [Render thread/INFO] [net.minecraft.advancements.AdvancementTree/]: Loaded 1399 advancements
[13Jun2024 22:35:45.100] [Server thread/INFO] [net.minecraft.client.server.IntegratedServer/]: Starting integrated minecraft server version 1.21
[13Jun2024 22:35:45.101] [Server thread/INFO] [net.minecraft.server.MinecraftServer/]: Generating keypair
[13Jun2024 22:35:46.102] [Server thread/INFO] [net.minecraft.server.MinecraftServer/]: Preparing start region for dimension minecraft:overworld
[13Jun2024 22:35:46.393] [progressListener/INFO] [net.minecraft.server.level.progress.LoggerChunkProgressListener/]: Preparing spawn area: 0%
[13Jun2024 22:35:46.526] [Server thread/INFO] [net.neoforged.neoforge.server.permission.PermissionAPI/]: Successfully initialized permission handler neoforge:default_handler
[13Jun2024 22:35:46.531] [progressListener/INFO] [net.minecraft.server.level.progress.LoggerChunkProgressListener/]: Time elapsed: 428 ms
[13Jun2024 22:35:46.659] [Server thread/INFO] [net.minecraft.client.server.IntegratedServer/]: Changing view distance to 12, from 10
[13Jun2024 22:35:46.660] [Server thread/INFO] [net.minecraft.client.server.IntegratedServer/]: Changing simulation distance to 12, from 0
[13Jun2024 22:35:47.474] [Server thread/INFO] [net.minecraft.server.players.PlayerList/]: Dev[local:E:119aaf4f] logged in with entity id 58 at (-101.17993126434268, 68.0, -80.95101866237066)
[13Jun2024 22:35:47.531] [Server thread/INFO] [net.minecraft.server.MinecraftServer/]: Dev joined the game
[13Jun2024 22:35:47.785] [Render thread/INFO] [net.minecraft.advancements.AdvancementTree/]: Loaded 10 advancements
[13Jun2024 22:36:01.480] [Server thread/INFO] [net.minecraft.client.server.IntegratedServer/]: Saving and pausing game...
[13Jun2024 22:36:01.913] [Server thread/INFO] [net.minecraft.server.MinecraftServer/]: Saving chunks for level 'ServerLevel[New World]'/minecraft:overworld
[13Jun2024 22:36:02.022] [Server thread/INFO] [net.minecraft.server.MinecraftServer/]: Saving chunks for level 'ServerLevel[New World]'/minecraft:the_end
[13Jun2024 22:36:02.027] [Server thread/INFO] [net.minecraft.server.MinecraftServer/]: Saving chunks for level 'ServerLevel[New World]'/minecraft:the_nether
[13Jun2024 22:36:04.504] [Server thread/INFO] [net.minecraft.server.network.ServerGamePacketListenerImpl/]: Dev lost connection: Disconnected
[13Jun2024 22:36:04.504] [Server thread/INFO] [net.minecraft.server.MinecraftServer/]: Dev left the game
[13Jun2024 22:36:04.521] [Server thread/INFO] [net.minecraft.server.network.ServerCommonPacketListenerImpl/]: Stopping singleplayer server as player logged out
[13Jun2024 22:36:04.535] [Server thread/INFO] [net.minecraft.server.MinecraftServer/]: Stopping server
[13Jun2024 22:36:04.536] [Server thread/INFO] [net.minecraft.server.MinecraftServer/]: Saving players
[13Jun2024 22:36:04.536] [Server thread/INFO] [net.minecraft.server.MinecraftServer/]: Saving worlds
[13Jun2024 22:36:05.642] [Server thread/INFO] [net.minecraft.server.MinecraftServer/]: Saving chunks for level 'ServerLevel[New World]'/minecraft:overworld
[13Jun2024 22:36:05.801] [Server thread/INFO] [net.minecraft.server.MinecraftServer/]: Saving chunks for level 'ServerLevel[New World]'/minecraft:the_end
[13Jun2024 22:36:05.803] [Server thread/INFO] [net.minecraft.server.MinecraftServer/]: Saving chunks for level 'ServerLevel[New World]'/minecraft:the_nether
[13Jun2024 22:36:05.811] [Server thread/INFO] [net.minecraft.server.MinecraftServer/]: ThreadedAnvilChunkStorage (New World): All chunks are saved
[13Jun2024 22:36:05.811] [Server thread/INFO] [net.minecraft.server.MinecraftServer/]: ThreadedAnvilChunkStorage (DIM1): All chunks are saved
[13Jun2024 22:36:05.811] [Server thread/INFO] [net.minecraft.server.MinecraftServer/]: ThreadedAnvilChunkStorage (DIM-1): All chunks are saved
[13Jun2024 22:36:05.811] [Server thread/INFO] [net.minecraft.server.MinecraftServer/]: ThreadedAnvilChunkStorage: All dimensions are saved
[13Jun2024 22:36:06.670] [Render thread/INFO] [net.minecraft.client.Minecraft/]: Stopping!
